<?xml version="1.0" encoding="UTF-8"?>
<!-- Generated by org.testng.reporters.JUnitReportReporter -->
<testsuite hostname="EPBYGOMW0318" name="com.epam.gomel.tat.test.Tests" tests="18" failures="0" timestamp="8 Dec 2016 16:03:05 GMT" time="474.650" errors="0">
  <testcase name="loginTestInboxFolder" time="13.824" classname="com.epam.gomel.tat.test.Tests"/>
  <testcase name="sendEmailWithoutProperlyFilledAddressTest" time="32.354" classname="com.epam.gomel.tat.test.Tests"/>
  <testcase name="emptyMessageIndexFolderTest" time="29.599" classname="com.epam.gomel.tat.test.Tests"/>
  <testcase name="deleteDraftMailTest" time="69.573" classname="com.epam.gomel.tat.test.Tests"/>
  <testcase name="loginTest" time="38.435" classname="com.epam.gomel.tat.test.Tests"/>
  <testcase name="sendEmailWithoutProperlyFilledAddressTest" time="14.414" classname="com.epam.gomel.tat.test.Tests"/>
  <testcase name="sendEmailWithoutSubjectAndBodyTest" time="47.369" classname="com.epam.gomel.tat.test.Tests"/>
  <testcase name="wrongLoginTest" time="8.945" classname="com.epam.gomel.tat.test.Tests"/>
  <testcase name="loginTestInboxFolder" time="29.581" classname="com.epam.gomel.tat.test.Tests"/>
  <testcase name="createDraftMailTest" time="40.151" classname="com.epam.gomel.tat.test.Tests"/>
  <testcase name="loginTest" time="14.949" classname="com.epam.gomel.tat.test.Tests"/>
  <testcase name="loginTestSendFolder" time="17.559" classname="com.epam.gomel.tat.test.Tests"/>
  <testcase name="deleteDraftMailTest" time="29.642" classname="com.epam.gomel.tat.test.Tests"/>
  <testcase name="loginTestSendFolder" time="29.408" classname="com.epam.gomel.tat.test.Tests"/>
  <testcase name="sendEmailWithoutSubjectAndBodyTest" time="17.413" classname="com.epam.gomel.tat.test.Tests"/>
  <testcase name="emptyMessageIndexFolderTest" time="14.460" classname="com.epam.gomel.tat.test.Tests"/>
  <testcase name="createDraftMailTest" time="18.930" classname="com.epam.gomel.tat.test.Tests"/>
  <testcase name="wrongLoginTest" time="8.044" classname="com.epam.gomel.tat.test.Tests"/>
</testsuite> <!-- com.epam.gomel.tat.test.Tests -->
